Arguments: 
  /usr/local/bin/node /usr/local/bin/yarn add react

PATH: 
  /usr/local/bin:/usr/bin:/bin:/usr/sbin:/sbin:/usr/local/share/dotnet:/Library/Frameworks/Mono.framework/Versions/Current/Commands:/Library/TeX/texbin

Yarn version: 
  0.17.10

Node version: 
  7.4.0

Platform: 
  darwin x64

npm manifest: 
  {
    "name": "apollo-authentication-semantic-ui",
    "version": "0.1.31",
    "description": "UI for apollo authentication",
    "main": "./dist/index.js",
    "scripts": {
      "test": "echo \"Error: no test specified\" && exit 1",
      "start": "node server.js"
    },
    "types": "./dist/index.d.ts",
    "repository": {
      "type": "git",
      "url": "git+https://tomitrescak@github.com/tomitrescak/apollo-authentication-semantic-ui.git"
    },
    "keywords": [
      "Apollo",
      "Authentication"
    ],
    "author": "Tomi Trescak",
    "license": "MIT",
    "bugs": {
      "url": "https://github.com/tomitrescak/apollo-authentication-semantic-ui/issues"
    },
    "homepage": "https://github.com/tomitrescak/apollo-authentication-semantic-ui#readme",
    "peerDependencies": {
      "apollo-client": "^0.x.x",
      "apollo-mantra": "^1.x.x",
      "es2015-i18n-tag": "^1.1.6",
      "mobx": "^2.6.3",
      "mobx-react": "^4.0.1",
      "react": "^15.4.1",
      "react-redux": "^5.0.2",
      "redux": "^3.6.0",
      "semantic-ui-react": "^0.64.8",
      "sweetalert2": "^4.1.9",
      "typestyle": "^0.6.5"
    },
    "devDependencies": {
      "@types/graphql": "^0.8.2",
      "@types/react": "^0.14.46"
    },
    "dependencies": {
      "semantic-ui-react": "^0.64.8"
    }
  }

yarn manifest: 
  No manifest

Lockfile: 
  # THIS IS AN AUTOGENERATED FILE. DO NOT EDIT THIS FILE DIRECTLY.
  # yarn lockfile v1
  
  
  "@types/graphql":
    version "0.8.2"
    resolved "https://registry.yarnpkg.com/@types/graphql/-/graphql-0.8.2.tgz#271c6df47a449ebce5d971f8df7f5da0b401edca"
  
  "@types/react@^0.14.46":
    version "0.14.50"
    resolved "https://registry.yarnpkg.com/@types/react/-/react-0.14.50.tgz#3f3f69db5661c8be3df99bde688e11300ef8131e"
  
  babel-runtime@^6.22.0:
    version "6.22.0"
    resolved "https://registry.yarnpkg.com/babel-runtime/-/babel-runtime-6.22.0.tgz#1cf8b4ac67c77a4ddb0db2ae1f74de52ac4ca611"
    dependencies:
      core-js "^2.4.0"
      regenerator-runtime "^0.10.0"
  
  classnames@^2.1.5:
    version "2.2.5"
    resolved "https://registry.yarnpkg.com/classnames/-/classnames-2.2.5.tgz#fb3801d453467649ef3603c7d61a02bd129bde6d"
  
  core-js@^2.4.0:
    version "2.4.1"
    resolved "https://registry.yarnpkg.com/core-js/-/core-js-2.4.1.tgz#4de911e667b0eae9124e34254b53aea6fc618d3e"
  
  debug@^2.4.5:
    version "2.6.1"
    resolved "https://registry.yarnpkg.com/debug/-/debug-2.6.1.tgz#79855090ba2c4e3115cc7d8769491d58f0491351"
    dependencies:
      ms "0.7.2"
  
  lodash@^4.17.2:
    version "4.17.4"
    resolved "https://registry.yarnpkg.com/lodash/-/lodash-4.17.4.tgz#78203a4d1c328ae1d86dca6460e369b57f4055ae"
  
  ms@0.7.2:
    version "0.7.2"
    resolved "https://registry.yarnpkg.com/ms/-/ms-0.7.2.tgz#ae25cf2512b3885a1d95d7f037868d8431124765"
  
  regenerator-runtime@^0.10.0:
    version "0.10.1"
    resolved "https://registry.yarnpkg.com/regenerator-runtime/-/regenerator-runtime-0.10.1.tgz#257f41961ce44558b18f7814af48c17559f9faeb"
  
  semantic-ui-react@^0.64.8:
    version "0.64.8"
    resolved "https://registry.yarnpkg.com/semantic-ui-react/-/semantic-ui-react-0.64.8.tgz#241c4f314b73cb6ee39773b5ca39aa0985ac99e2"
    dependencies:
      babel-runtime "^6.22.0"
      classnames "^2.1.5"
      debug "^2.4.5"
      lodash "^4.17.2"

Trace: 
  Error: EEXIST: file already exists, mkdir '/Users/tomi/Github/packages/apollo-authentication-semantic-ui/node_modules/react'
